<?xml version="1.0" encoding="UTF-8"?>
<testng-results ignored="0" total="1" passed="1" failed="0" skipped="0">
  <reporter-output>
  </reporter-output>
  <suite started-at="2023-04-04T12:30:37 CDT" name="Default suite" finished-at="2023-04-04T12:30:37 CDT" duration-ms="48">
    <groups>
    </groups>
    <test started-at="2023-04-04T12:30:37 CDT" name="Default test" finished-at="2023-04-04T12:30:37 CDT" duration-ms="48">
      <class name="amazonlinksetup.dummycase">
        <test-method signature="print()[pri:0, instance:amazonlinksetup.dummycase@1cbb87f3]" started-at="2023-04-04T12:30:37 CDT" name="print" finished-at="2023-04-04T12:30:37 CDT" duration-ms="8" status="PASS">
          <reporter-output>
          </reporter-output>
        </test-method> <!-- print -->
      </class> <!-- amazonlinksetup.dummycase -->
    </test> <!-- Default test -->
  </suite> <!-- Default suite -->
</testng-results>
